[10:32:06] [main/INFO]: Loading Minecraft 1.21.1 with Fabric Loader 0.18.4
[10:32:06] [main/INFO]: Loading 4 mods:
	- fabricloader 0.18.4
	   \-- mixinextras 0.5.0
	- java 25
	- minecraft 1.21.1
[10:32:06] [main/INFO]: SpongePowered MIXIN Subsystem Version=0.8.7 Source=file:/workspaces/1.21.1/fabric-1.21.1/libraries/net/fabricmc/sponge-mixin/0.17.0+mixin.0.8.7/sponge-mixin-0.17.0+mixin.0.8.7.jar Service=Knot/Fabric Env=SERVER
[10:32:11] [main/INFO]: Environment: Environment[sessionHost=https://sessionserver.mojang.com, servicesHost=https://api.minecraftservices.com, name=PROD]
[10:32:13] [main/INFO]: Loaded 1290 recipes
[10:32:14] [main/INFO]: Loaded 1618 advancements
[10:32:14] [Server thread/INFO]: Starting minecraft server version 1.21.1
[10:32:14] [Server thread/INFO]: Loading properties
[10:32:14] [Server thread/INFO]: Default game type: SURVIVAL
[10:32:14] [Server thread/INFO]: Generating keypair
[10:32:14] [Server thread/INFO]: Starting Minecraft server on *:25565
[10:32:14] [Server thread/INFO]: Using epoll channel type
[10:32:15] [Server thread/WARN]: **** SERVER IS RUNNING IN OFFLINE/INSECURE MODE!
[10:32:15] [Server thread/WARN]: The server will make no attempt to authenticate usernames. Beware.
[10:32:15] [Server thread/WARN]: While this makes the game possible to play without internet access, it also opens up the ability for hackers to connect with any username they choose.
[10:32:15] [Server thread/WARN]: To change this, set "online-mode" to "true" in the server.properties file.
[10:32:15] [Server thread/INFO]: Preparing level "world"
[10:32:17] [Server thread/INFO]: Preparing start region for dimension minecraft:overworld
[10:32:18] [Worker-Main-3/INFO]: Preparing spawn area: 0%
[10:32:18] [Server thread/INFO]: Time elapsed: 474 ms
[10:32:18] [Server thread/INFO]: Done (3.165s)! For help, type "help"
[10:35:08] [Server thread/INFO]: prasetyo[/127.25.241.131:53141] logged in with entity id 3472 at (-41.5, 72.0, 1.5)
[10:35:08] [Server thread/INFO]: prasetyo joined the game
[10:35:17] [Server thread/INFO]: Made prasetyo a server operator
[10:35:24] [Server thread/INFO]: [prasetyo: Set own game mode to Creative Mode]
[10:37:55] [Server thread/INFO]: prasetyo lost connection: Disconnected
[10:37:55] [Server thread/INFO]: prasetyo left the game
[10:38:30] [Server thread/INFO]: prasetyo[/127.25.241.131:36435] logged in with entity id 34012 at (-38.82055134593575, 73.0, 6.00989207679819)
[10:38:30] [Server thread/INFO]: prasetyo joined the game
[10:38:54] [Server thread/INFO]: [prasetyo: Set the time to 1000]
[10:40:15] [Server thread/INFO]: prasetyo lost connection: Disconnected
[10:40:15] [Server thread/INFO]: prasetyo left the game
[10:40:15] [Server thread/WARN]: handleDisconnection() called twice
[10:40:50] [Server thread/INFO]: prasetyo[/127.25.241.131:53801] logged in with entity id 54755 at (-41.1061840327412, 73.0, 9.356715014433853)
[10:40:50] [Server thread/INFO]: prasetyo joined the game
[10:41:01] [Server thread/INFO]: prasetyo (/127.25.241.131:39231) lost connection: Timed out
[10:52:46] [Server thread/INFO]: prasetyo has made the advancement [Stone Age]
[10:53:12] [Server thread/INFO]: prasetyo has made the advancement [Diamonds!]
[11:01:21] [Server thread/INFO]: [prasetyo: Set the weather to clear]
[11:04:19] [Server thread/INFO]: prasetyo has made the advancement [Hot Stuff]
[11:14:11] [Server thread/INFO]: prasetyo has made the advancement [Sweet Dreams]
[11:16:06] [Server thread/INFO]: prasetyo lost connection: Disconnected
[11:16:06] [Server thread/INFO]: prasetyo left the game
